Assignment 5/Notepadv1/app/build/intermediates/manifest_merge_blame_file/debug/manifest-merger-blame-debug-report.txt
1<?xml version="1.0" encoding="utf-8"?>
2<manifest xmlns:android="http://schemas.android.com/apk/res/android"
3    package="com.android.demo.notepad1" >
4
5    <application
5-->src\main\AndroidManifest.xml:4:5-11:19
6        android:debuggable="true"
7        android:icon="@drawable/icon"
7-->src\main\AndroidManifest.xml:4:18-47
8        android:testOnly="true" >
9        <activity
9-->src\main\AndroidManifest.xml:5:9-10:20
10            android:name="com.android.demo.notepad1.Notepadv1"
10-->src\main\AndroidManifest.xml:5:19-44
11            android:label="@string/app_name" >
11-->src\main\AndroidManifest.xml:5:45-77
12            <intent-filter>
12-->src\main\AndroidManifest.xml:6:13-9:29
13                <action android:name="android.intent.action.MAIN" />
13-->src\main\AndroidManifest.xml:7:17-69
13-->src\main\AndroidManifest.xml:7:25-66
14
15                <category android:name="android.intent.category.LAUNCHER" />
15-->src\main\AndroidManifest.xml:8:17-77
15-->src\main\AndroidManifest.xml:8:27-74
16            </intent-filter>
17        </activity>
18    </application>
19
20</manifest>